#
# There is insufficient memory for the Java Runtime Environment to continue.
# Native memory allocation (malloc) failed to allocate 1846576 bytes for Chunk::new
# Possible reasons:
#   The system is out of physical RAM or swap space
#   The process is running with CompressedOops enabled, and the Java Heap may be blocking the growth of the native heap
# Possible solutions:
#   Reduce memory load on the system
#   Increase physical memory or swap space
#   Check if swap backing store is full
#   Decrease Java heap size (-Xmx/-Xms)
#   Decrease number of Java threads
#   Decrease Java thread stack sizes (-Xss)
#   Set larger code cache with -XX:ReservedCodeCacheSize=
#   JVM is running with Unscaled Compressed Oops mode in which the Java heap is
#     placed in the first 4GB address space. The Java Heap base address is the
#     maximum limit for the native heap growth. Please use -XX:HeapBaseMinAddress
#     to set the Java Heap base and to place the Java Heap above 4GB virtual address.
# This output file may be truncated or incomplete.
#
#  Out of Memory Error (./src/hotspot/share/memory/arena.cpp:197), pid=10328, tid=13420
#
# JRE version: OpenJDK Runtime Environment (11.0.13) (build 11.0.13+0-b1751.21-8125866)
# Java VM: OpenJDK 64-Bit Server VM (11.0.13+0-b1751.21-8125866, mixed mode, tiered, compressed oops, g1 gc, windows-amd64)
# No core dump will be written. Minidumps are not enabled by default on client versions of Windows
#

---------------  S U M M A R Y ------------

Command Line: --add-opens=java.base/java.util=ALL-UNNAMED --add-opens=java.base/java.lang=ALL-UNNAMED --add-opens=java.base/java.lang.invoke=ALL-UNNAMED --add-opens=java.base/java.util=ALL-UNNAMED --add-opens=java.prefs/java.util.prefs=ALL-UNNAMED --add-opens=java.prefs/java.util.prefs=ALL-UNNAMED --add-opens=java.base/java.nio.charset=ALL-UNNAMED --add-opens=java.base/java.net=ALL-UNNAMED --add-opens=java.base/java.util.concurrent.atomic=ALL-UNNAMED -Xmx2048m -Dfile.encoding=UTF-8 -Duser.country=US -Duser.language=en -Duser.variant org.gradle.launcher.daemon.bootstrap.GradleDaemon 7.4

Host: 12th Gen Intel(R) Core(TM) i5-12500H, 16 cores, 15G,  Windows 11 , 64 bit Build 22000 (10.0.22000.708)
Time: Thu Nov 17 23:47:05 2022 SE Asia Standard Time elapsed time: 3.259658 seconds (0d 0h 0m 3s)

---------------  T H R E A D  ---------------

Current thread (0x000001d7ca222000):  JavaThread "C2 CompilerThread0" daemon [_thread_in_native, id=13420, stack(0x000000600ff00000,0x0000006010000000)]


Current CompileTask:
C2:   3259 3488   !   4       java.net.URLClassLoader$1::run (81 bytes)

Stack: [0x000000600ff00000,0x0000006010000000]
Native frames: (J=compiled Java code, j=interpreted, Vv=VM code, C=native code)
V  [jvm.dll+0x6100fa]
V  [jvm.dll+0x747090]
V  [jvm.dll+0x7486ad]
V  [jvm.dll+0x748d83]
V  [jvm.dll+0x24ab48]
V  [jvm.dll+0xc04dc]
V  [jvm.dll+0xc0a0c]
V  [jvm.dll+0x35eb9d]
V  [jvm.dll+0x32b833]
V  [jvm.dll+0x32ad2a]
V  [jvm.dll+0x2032b2]
V  [jvm.dll+0x202437]
V  [jvm.dll+0x188e01]
V  [jvm.dll+0x21106b]
V  [jvm.dll+0x20f8c1]
V  [jvm.dll+0x70de0f]
V  [jvm.dll+0x706a75]
V  [jvm.dll+0x60ed66]
C  [ucrtbase.dll+0x26c0c]
C  [KERNEL32.DLL+0x154e0]
C  [ntdll.dll+0x485b]


---------------  P R O C E S S  ---------------

Threads class SMR info:
_java_thread_list=0x000001d7cdf67000, length=38, elements={
0x000001d7ae90c800, 0x000001d7ca1bb800, 0x000001d7ca1bf000, 0x000001d7ca21c800,
0x000001d7ca21d800, 0x000001d7ca21e800, 0x000001d7ca222000, 0x000001d7ca22b000,
0x000001d7ca22f000, 0x000001d7ca333800, 0x000001d7ca3b2800, 0x000001d7ca3ff800,
0x000001d7ca236000, 0x000001d7cd4b1800, 0x000001d7cc20f800, 0x000001d7ccb61000,
0x000001d7cdb83800, 0x000001d7cc054800, 0x000001d7cc5e9000, 0x000001d7cc5ea000,
0x000001d7cb326000, 0x000001d7cb326800, 0x000001d7cbbe5000, 0x000001d7ccb56800,
0x000001d7ccb54800, 0x000001d7ccb55800, 0x000001d7ca231800, 0x000001d7ca237000,
0x000001d7ccb57000, 0x000001d7ccb58000, 0x000001d7ccb53000, 0x000001d7ccb52000,
0x000001d7ccb54000, 0x000001d7ccb58800, 0x000001d7cd4f5000, 0x000001d7ca234800,
0x000001d7d0153800, 0x000001d7cd4fa000
}

Java Threads: ( => current thread )
  0x000001d7ae90c800 JavaThread "main" [_thread_blocked, id=11056, stack(0x000000600f300000,0x000000600f400000)]
  0x000001d7ca1bb800 JavaThread "Reference Handler" daemon [_thread_blocked, id=6392, stack(0x000000600fa00000,0x000000600fb00000)]
  0x000001d7ca1bf000 JavaThread "Finalizer" daemon [_thread_blocked, id=9984, stack(0x000000600fb00000,0x000000600fc00000)]
  0x000001d7ca21c800 JavaThread "Signal Dispatcher" daemon [_thread_blocked, id=6156, stack(0x000000600fc00000,0x000000600fd00000)]
  0x000001d7ca21d800 JavaThread "Attach Listener" daemon [_thread_blocked, id=11856, stack(0x000000600fd00000,0x000000600fe00000)]
  0x000001d7ca21e800 JavaThread "Service Thread" daemon [_thread_blocked, id=15028, stack(0x000000600fe00000,0x000000600ff00000)]
=>0x000001d7ca222000 JavaThread "C2 CompilerThread0" daemon [_thread_in_native, id=13420, stack(0x000000600ff00000,0x0000006010000000)]
  0x000001d7ca22b000 JavaThread "C1 CompilerThread0" daemon [_thread_blocked, id=11640, stack(0x0000006010000000,0x0000006010100000)]
  0x000001d7ca22f000 JavaThread "Sweeper thread" daemon [_thread_blocked, id=13496, stack(0x0000006010100000,0x0000006010200000)]
  0x000001d7ca333800 JavaThread "C1 CompilerThread1" daemon [_thread_blocked, id=5904, stack(0x0000006010200000,0x0000006010300000)]
  0x000001d7ca3b2800 JavaThread "Common-Cleaner" daemon [_thread_blocked, id=9280, stack(0x0000006010300000,0x0000006010400000)]
  0x000001d7ca3ff800 JavaThread "C1 CompilerThread2" daemon [_thread_blocked, id=8864, stack(0x0000006010400000,0x0000006010500000)]
  0x000001d7ca236000 JavaThread "C1 CompilerThread3" daemon [_thread_blocked, id=12804, stack(0x0000006010800000,0x0000006010900000)]
  0x000001d7cd4b1800 JavaThread "Daemon health stats" [_thread_blocked, id=15860, stack(0x0000006010e00000,0x0000006010f00000)]
  0x000001d7cc20f800 JavaThread "Incoming local TCP Connector on port 53666" [_thread_in_native, id=2208, stack(0x0000006010600000,0x0000006010700000)]
  0x000001d7ccb61000 JavaThread "Daemon periodic checks" [_thread_blocked, id=9660, stack(0x0000006010700000,0x0000006010800000)]
  0x000001d7cdb83800 JavaThread "Daemon" [_thread_blocked, id=7864, stack(0x0000006010f00000,0x0000006011000000)]
  0x000001d7cc054800 JavaThread "Handler for socket connection from /127.0.0.1:53666 to /127.0.0.1:53667" [_thread_in_native, id=1576, stack(0x0000006011000000,0x0000006011100000)]
  0x000001d7cc5e9000 JavaThread "Cancel handler" [_thread_blocked, id=7820, stack(0x0000006011100000,0x0000006011200000)]
  0x000001d7cc5ea000 JavaThread "Daemon worker" [_thread_in_Java, id=2340, stack(0x0000006011200000,0x0000006011300000)]
  0x000001d7cb326000 JavaThread "Asynchronous log dispatcher for DefaultDaemonConnection: socket connection from /127.0.0.1:53666 to /127.0.0.1:53667" [_thread_blocked, id=3956, stack(0x0000006011300000,0x0000006011400000)]
  0x000001d7cb326800 JavaThread "Stdin handler" [_thread_blocked, id=10248, stack(0x0000006011400000,0x0000006011500000)]
  0x000001d7cbbe5000 JavaThread "Daemon client event forwarder" [_thread_blocked, id=2728, stack(0x0000006011500000,0x0000006011600000)]
  0x000001d7ccb56800 JavaThread "Cache worker for journal cache (C:\Users\Admin\.gradle\caches\journal-1)" [_thread_blocked, id=9212, stack(0x0000006011600000,0x0000006011700000)]
  0x000001d7ccb54800 JavaThread "File lock request listener" [_thread_in_native, id=10020, stack(0x0000006011700000,0x0000006011800000)]
  0x000001d7ccb55800 JavaThread "Cache worker for file hash cache (C:\Users\Admin\.gradle\caches\7.4\fileHashes)" [_thread_blocked, id=11816, stack(0x0000006011800000,0x0000006011900000)]
  0x000001d7ca231800 JavaThread "C2 CompilerThread1" daemon [_thread_in_native, id=15340, stack(0x0000006012200000,0x0000006012300000)]
  0x000001d7ca237000 JavaThread "C2 CompilerThread2" daemon [_thread_in_native, id=13304, stack(0x0000006012300000,0x0000006012400000)]
  0x000001d7ccb57000 JavaThread "File watcher server" daemon [_thread_in_native, id=8216, stack(0x0000006012400000,0x0000006012500000)]
  0x000001d7ccb58000 JavaThread "File watcher consumer" daemon [_thread_blocked, id=12696, stack(0x0000006012500000,0x0000006012600000)]
  0x000001d7ccb53000 JavaThread "Cache worker for checksums cache (C:\Users\Admin\OneDrive\Documents\GitHub\enroihcm8\MusikPlayer8\.gradle\7.4\checksums)" [_thread_blocked, id=13792, stack(0x0000006012600000,0x0000006012700000)]
  0x000001d7ccb52000 JavaThread "Cache worker for cache directory md-rule (C:\Users\Admin\.gradle\caches\7.4\md-rule)" [_thread_blocked, id=5736, stack(0x0000006012700000,0x0000006012800000)]
  0x000001d7ccb54000 JavaThread "Cache worker for file hash cache (C:\Users\Admin\OneDrive\Documents\GitHub\enroihcm8\MusikPlayer8\.gradle\7.4\fileHashes)" [_thread_blocked, id=15440, stack(0x0000006012800000,0x0000006012900000)]
  0x000001d7ccb58800 JavaThread "Cache worker for cache directory md-supplier (C:\Users\Admin\.gradle\caches\7.4\md-supplier)" [_thread_blocked, id=8132, stack(0x0000006012900000,0x0000006012a00000)]
  0x000001d7cd4f5000 JavaThread "Cache worker for execution history cache (C:\Users\Admin\.gradle\caches\7.4\executionHistory)" [_thread_blocked, id=6020, stack(0x0000006012a00000,0x0000006012b00000)]
  0x000001d7ca234800 JavaThread "C2 CompilerThread3" daemon [_thread_blocked, id=4988, stack(0x0000006012b00000,0x0000006012c00000)]
  0x000001d7d0153800 JavaThread "C2 CompilerThread4" daemon [_thread_in_native, id=12672, stack(0x0000006012c00000,0x0000006012d00000)]
  0x000001d7cd4fa000 JavaThread "jar transforms" [_thread_blocked, id=9112, stack(0x0000006012d00000,0x0000006012e00000)]

Other Threads:
  0x000001d7ca1ba000 VMThread "VM Thread" [stack: 0x000000600f900000,0x000000600fa00000] [id=14612]
  0x000001d7ca3fc800 WatcherThread [stack: 0x0000006010500000,0x0000006010600000] [id=13916]
  0x000001d7ae928000 GCTaskThread "GC Thread#0" [stack: 0x000000600f400000,0x000000600f500000] [id=13836]
  0x000001d7cb681800 GCTaskThread "GC Thread#1" [stack: 0x0000006010900000,0x0000006010a00000] [id=2904]
  0x000001d7cb162800 GCTaskThread "GC Thread#2" [stack: 0x0000006010a00000,0x0000006010b00000] [id=1844]
  0x000001d7cb3c5000 GCTaskThread "GC Thread#3" [stack: 0x0000006010b00000,0x0000006010c00000] [id=9300]
  0x000001d7cab4e000 GCTaskThread "GC Thread#4" [stack: 0x0000006010c00000,0x0000006010d00000] [id=4412]
  0x000001d7cab4e800 GCTaskThread "GC Thread#5" [stack: 0x0000006010d00000,0x0000006010e00000] [id=12100]
  0x000001d7cc829800 GCTaskThread "GC Thread#6" [stack: 0x0000006011900000,0x0000006011a00000] [id=11620]
  0x000001d7cc59a000 GCTaskThread "GC Thread#7" [stack: 0x0000006011a00000,0x0000006011b00000] [id=12480]
  0x000001d7cc85f800 GCTaskThread "GC Thread#8" [stack: 0x0000006011b00000,0x0000006011c00000] [id=10384]
  0x000001d7cc860800 GCTaskThread "GC Thread#9" [stack: 0x0000006011c00000,0x0000006011d00000] [id=5916]
  0x000001d7cd5f2800 GCTaskThread "GC Thread#10" [stack: 0x0000006011d00000,0x0000006011e00000] [id=10072]
  0x000001d7cd5f3800 GCTaskThread "GC Thread#11" [stack: 0x0000006011e00000,0x0000006011f00000] [id=7328]
  0x000001d7ccfa3000 GCTaskThread "GC Thread#12" [stack: 0x0000006011f00000,0x0000006012000000] [id=7900]
  0x000001d7ae959000 ConcurrentGCThread "G1 Main Marker" [stack: 0x000000600f500000,0x000000600f600000] [id=13032]
  0x000001d7ae95b000 ConcurrentGCThread "G1 Conc#0" [stack: 0x000000600f600000,0x000000600f700000] [id=4952]
  0x000001d7caa5f000 ConcurrentGCThread "G1 Conc#1" [stack: 0x0000006012000000,0x0000006012100000] [id=4592]
  0x000001d7cd47d800 ConcurrentGCThread "G1 Conc#2" [stack: 0x0000006012100000,0x0000006012200000] [id=14668]
  0x000001d7c9803000 ConcurrentGCThread "G1 Refine#0" [stack: 0x000000600f700000,0x000000600f800000] [id=14424]
  0x000001d7c9806000 ConcurrentGCThread "G1 Young RemSet Sampling" [stack: 0x000000600f800000,0x000000600f900000] [id=16324]

Threads with active compile tasks:
C2 CompilerThread0   3268 3488   !   4       java.net.URLClassLoader$1::run (81 bytes)
C1 CompilerThread0   3268 3578       3       org.codehaus.groovy.reflection.CachedClass::getSuperClassDistance (41 bytes)
C1 CompilerThread2   3268 3577       3       groovy.lang.MetaClassImpl$1MOPIter::processFastArray (133 bytes)
C1 CompilerThread3   3268 3576       3       org.codehaus.groovy.runtime.metaclass.MetaMethodIndex::isOverridden (101 bytes)
C2 CompilerThread1   3268 3555       4       java.lang.PublicMethods$MethodList::filter (104 bytes)
C2 CompilerThread2   3268 3495       4       sun.net.util.URLUtil::urlNoFragString (114 bytes)
C2 CompilerThread4   3268 3487       4       java.net.URLClassLoader$1::run (5 bytes)

VM state:not at safepoint (normal execution)

VM Mutex/Monitor currently owned by a thread: None

Heap address: 0x0000000080000000, size: 2048 MB, Compressed Oops mode: 32-bit
Narrow klass base: 0x0000000000000000, Narrow klass shift: 3
Compressed class space size: 1073741824 Address: 0x0000000100000000

Heap:
 garbage-first heap   total 258048K, used 58816K [0x0000000080000000, 0x0000000100000000)
  region size 1024K, 44 young (45056K), 6 survivors (6144K)
 Metaspace       used 38139K, capacity 39043K, committed 39120K, reserved 1083392K
  class space    used 4846K, capacity 5174K, committed 5248K, reserved 1048576K
Heap Regions: E=young(eden), S=young(survivor), O=old, HS=humongous(starts), HC=humongous(continues), CS=collection set, F=free, A=archive, TAMS=top-at-mark-start (previous, next)
|   0|0x0000000080000000, 0x0000000080100000, 0x0000000080100000|100%| O|  |TAMS 0x0000000080100000, 0x0000000080000000| Untracked 
|   1|0x0000000080100000, 0x0000000080200000, 0x0000000080200000|100%| O|  |TAMS 0x0000000080200000, 0x0000000080100000| Untracked 
|   2|0x0000000080200000, 0x0000000080300000, 0x0000000080300000|100%| O|  |TAMS 0x0000000080300000, 0x0000000080200000| Untracked 
|   3|0x0000000080300000, 0x0000000080400000, 0x0000000080400000|100%|HS|  |TAMS 0x0000000080400000, 0x0000000080300000| Complete 
|   4|0x0000000080400000, 0x0000000080500000, 0x0000000080500000|100%|HC|  |TAMS 0x0000000080500000, 0x0000000080400000| Complete 
|   5|0x0000000080500000, 0x0000000080600000, 0x0000000080600000|100%|HC|  |TAMS 0x0000000080600000, 0x0000000080500000| Complete 
|   6|0x0000000080600000, 0x0000000080700000, 0x0000000080700000|100%| O|  |TAMS 0x0000000080700000, 0x0000000080600000| Untracked 
|   7|0x0000000080700000, 0x0000000080800000, 0x0000000080800000|100%| O|  |TAMS 0x0000000080800000, 0x0000000080700000| Untracked 
|   8|0x0000000080800000, 0x0000000080900000, 0x0000000080900000|100%| O|  |TAMS 0x0000000080900000, 0x0000000080800000| Untracked 
|   9|0x0000000080900000, 0x0000000080a00000, 0x0000000080a00000|100%| O|  |TAMS 0x0000000080a00000, 0x0000000080900000| Untracked 
|  10|0x0000000080a00000, 0x0000000080b00000, 0x0000000080b00000|100%| O|  |TAMS 0x0000000080b00000, 0x0000000080a00000| Untracked 
|  11|0x0000000080b00000, 0x0000000080c00000, 0x0000000080c00000|100%| O|  |TAMS 0x0000000080c00000, 0x0000000080b00000| Untracked 
|  12|0x0000000080c00000, 0x0000000080d00000, 0x0000000080d00000|100%| O|  |TAMS 0x0000000080d00000, 0x0000000080c00000| Untracked 
|  13|0x0000000080d00000, 0x0000000080e00000, 0x0000000080e00000|100%| O|  |TAMS 0x0000000080e00000, 0x0000000080d00000| Untracked 
|  14|0x0000000080e00000, 0x0000000080f00000, 0x0000000080f00000|100%| O|  |TAMS 0x0000000080f00000, 0x0000000080e00000| Untracked 
|  15|0x0000000080f00000, 0x0000000081000000, 0x0000000081000000|100%| O|  |TAMS 0x0000000081000000, 0x0000000080f00000| Untracked 
|  16|0x0000000081000000, 0x0000000081019600, 0x0000000081100000|  9%| O|  |TAMS 0x0000000081019600, 0x0000000081000000| Untracked 
|  17|0x0000000081100000, 0x0000000081100000, 0x0000000081200000|  0%| F|  |TAMS 0x0000000081100000, 0x0000000081100000| Untracked 
|  18|0x0000000081200000, 0x0000000081200000, 0x0000000081300000|  0%| F|  |TAMS 0x0000000081200000, 0x0000000081200000| Untracked 
|  19|0x0000000081300000, 0x0000000081300000, 0x0000000081400000|  0%| F|  |TAMS 0x0000000081300000, 0x0000000081300000| Untracked 
|  20|0x0000000081400000, 0x0000000081400000, 0x0000000081500000|  0%| F|  |TAMS 0x0000000081400000, 0x0000000081400000| Untracked 
|  21|0x0000000081500000, 0x0000000081500000, 0x0000000081600000|  0%| F|  |TAMS 0x0000000081500000, 0x0000000081500000| Untracked 
|  22|0x0000000081600000, 0x0000000081600000, 0x0000000081700000|  0%| F|  |TAMS 0x0000000081600000, 0x0000000081600000| Untracked 
|  23|0x0000000081700000, 0x0000000081700000, 0x0000000081800000|  0%| F|  |TAMS 0x0000000081700000, 0x0000000081700000| Untracked 
|  24|0x0000000081800000, 0x0000000081800000, 0x0000000081900000|  0%| F|  |TAMS 0x0000000081800000, 0x0000000081800000| Untracked 
|  25|0x0000000081900000, 0x0000000081900000, 0x0000000081a00000|  0%| F|  |TAMS 0x0000000081900000, 0x0000000081900000| Untracked 
|  26|0x0000000081a00000, 0x0000000081a00000, 0x0000000081b00000|  0%| F|  |TAMS 0x0000000081a00000, 0x0000000081a00000| Untracked 
|  27|0x0000000081b00000, 0x0000000081b00000, 0x0000000081c00000|  0%| F|  |TAMS 0x0000000081b00000, 0x0000000081b00000| Untracked 
|  28|0x0000000081c00000, 0x0000000081c00000, 0x0000000081d00000|  0%| F|  |TAMS 0x0000000081c00000, 0x0000000081c00000| Untracked 
|  29|0x0000000081d00000, 0x0000000081d00000, 0x0000000081e00000|  0%| F|  |TAMS 0x0000000081d00000, 0x0000000081d00000| Untracked 
|  30|0x0000000081e00000, 0x0000000081e00000, 0x0000000081f00000|  0%| F|  |TAMS 0x0000000081e00000, 0x0000000081e00000| Untracked 
|  31|0x0000000081f00000, 0x0000000081f00000, 0x0000000082000000|  0%| F|  |TAMS 0x0000000081f00000, 0x0000000081f00000| Untracked 
|  32|0x0000000082000000, 0x0000000082000000, 0x0000000082100000|  0%| F|  |TAMS 0x0000000082000000, 0x0000000082000000| Untracked 
|  33|0x0000000082100000, 0x0000000082100000, 0x0000000082200000|  0%| F|  |TAMS 0x0000000082100000, 0x0000000082100000| Untracked 
|  34|0x0000000082200000, 0x0000000082200000, 0x0000000082300000|  0%| F|  |TAMS 0x0000000082200000, 0x0000000082200000| Untracked 
|  35|0x0000000082300000, 0x0000000082300000, 0x0000000082400000|  0%| F|  |TAMS 0x0000000082300000, 0x0000000082300000| Untracked 
|  36|0x0000000082400000, 0x0000000082400000, 0x0000000082500000|  0%| F|  |TAMS 0x0000000082400000, 0x0000000082400000| Untracked 
|  37|0x0000000082500000, 0x0000000082500000, 0x0000000082600000|  0%| F|  |TAMS 0x0000000082500000, 0x0000000082500000| Untracked 
|  38|0x0000000082600000, 0x0000000082600000, 0x0000000082700000|  0%| F|  |TAMS 0x0000000082600000, 0x0000000082600000| Untracked 
|  39|0x0000000082700000, 0x0000000082700000, 0x0000000082800000|  0%| F|  |TAMS 0x0000000082700000, 0x0000000082700000| Untracked 
|  40|0x0000000082800000, 0x0000000082800000, 0x0000000082900000|  0%| F|  |TAMS 0x0000000082800000, 0x0000000082800000| Untracked 
|  41|0x0000000082900000, 0x0000000082900000, 0x0000000082a00000|  0%| F|  |TAMS 0x0000000082900000, 0x0000000082900000| Untracked 
|  42|0x0000000082a00000, 0x0000000082a00000, 0x0000000082b00000|  0%| F|  |TAMS 0x0000000082a00000, 0x0000000082a00000| Untracked 
|  43|0x0000000082b00000, 0x0000000082b00000, 0x0000000082c00000|  0%| F|  |TAMS 0x0000000082b00000, 0x0000000082b00000| Untracked 
|  44|0x0000000082c00000, 0x0000000082c00000, 0x0000000082d00000|  0%| F|  |TAMS 0x0000000082c00000, 0x0000000082c00000| Untracked 
|  45|0x0000000082d00000, 0x0000000082d00000, 0x0000000082e00000|  0%| F|  |TAMS 0x0000000082d00000, 0x0000000082d00000| Untracked 
|  46|0x0000000082e00000, 0x0000000082e00000, 0x0000000082f00000|  0%| F|  |TAMS 0x0000000082e00000, 0x0000000082e00000| Untracked 
|  47|0x0000000082f00000, 0x0000000082f00000, 0x0000000083000000|  0%| F|  |TAMS 0x0000000082f00000, 0x0000000082f00000| Untracked 
|  48|0x0000000083000000, 0x0000000083000000, 0x0000000083100000|  0%| F|  |TAMS 0x0000000083000000, 0x0000000083000000| Untracked 
|  49|0x0000000083100000, 0x0000000083100000, 0x0000000083200000|  0%| F|  |TAMS 0x0000000083100000, 0x0000000083100000| Untracked 
|  50|0x0000000083200000, 0x0000000083200000, 0x0000000083300000|  0%| F|  |TAMS 0x0000000083200000, 0x0000000083200000| Untracked 
|  51|0x0000000083300000, 0x0000000083300000, 0x0000000083400000|  0%| F|  |TAMS 0x0000000083300000, 0x0000000083300000| Untracked 
|  52|0x0000000083400000, 0x0000000083400000, 0x0000000083500000|  0%| F|  |TAMS 0x0000000083400000, 0x0000000083400000| Untracked 
|  53|0x0000000083500000, 0x0000000083500000, 0x0000000083600000|  0%| F|  |TAMS 0x0000000083500000, 0x0000000083500000| Untracked 
|  54|0x0000000083600000, 0x0000000083600000, 0x0000000083700000|  0%| F|  |TAMS 0x0000000083600000, 0x0000000083600000| Untracked 
|  55|0x0000000083700000, 0x0000000083700000, 0x0000000083800000|  0%| F|  |TAMS 0x0000000083700000, 0x0000000083700000| Untracked 
|  56|0x0000000083800000, 0x0000000083800000, 0x0000000083900000|  0%| F|  |TAMS 0x0000000083800000, 0x0000000083800000| Untracked 
|  57|0x0000000083900000, 0x0000000083900000, 0x0000000083a00000|  0%| F|  |TAMS 0x0000000083900000, 0x0000000083900000| Untracked 
|  58|0x0000000083a00000, 0x0000000083a00000, 0x0000000083b00000|  0%| F|  |TAMS 0x0000000083a00000, 0x0000000083a00000| Untracked 
|  59|0x0000000083b00000, 0x0000000083b00000, 0x0000000083c00000|  0%| F|  |TAMS 0x0000000083b00000, 0x0000000083b00000| Untracked 
|  60|0x0000000083c00000, 0x0000000083c00000, 0x0000000083d00000|  0%| F|  |TAMS 0x0000000083c00000, 0x0000000083c00000| Untracked 
|  61|0x0000000083d00000, 0x0000000083d00000, 0x0000000083e00000|  0%| F|  |TAMS 0x0000000083d00000, 0x0000000083d00000| Untracked 
|  62|0x0000000083e00000, 0x0000000083e00000, 0x0000000083f00000|  0%| F|  |TAMS 0x0000000083e00000, 0x0000000083e00000| Untracked 
|  63|0x0000000083f00000, 0x0000000083f00000, 0x0000000084000000|  0%| F|  |TAMS 0x0000000083f00000, 0x0000000083f00000| Untracked 
|  64|0x0000000084000000, 0x0000000084000000, 0x0000000084100000|  0%| F|  |TAMS 0x0000000084000000, 0x0000000084000000| Untracked 
|  65|0x0000000084100000, 0x0000000084100000, 0x0000000084200000|  0%| F|  |TAMS 0x0000000084100000, 0x0000000084100000| Untracked 
|  66|0x0000000084200000, 0x0000000084200000, 0x0000000084300000|  0%| F|  |TAMS 0x0000000084200000, 0x0000000084200000| Untracked 
|  67|0x0000000084300000, 0x0000000084300000, 0x0000000084400000|  0%| F|  |TAMS 0x0000000084300000, 0x0000000084300000| Untracked 
|  68|0x0000000084400000, 0x0000000084400000, 0x0000000084500000|  0%| F|  |TAMS 0x0000000084400000, 0x0000000084400000| Untracked 
|  69|0x0000000084500000, 0x0000000084500000, 0x0000000084600000|  0%| F|  |TAMS 0x0000000084500000, 0x0000000084500000| Untracked 
|  70|0x0000000084600000, 0x0000000084600000, 0x0000000084700000|  0%| F|  |TAMS 0x0000000084600000, 0x0000000084600000| Untracked 
|  71|0x0000000084700000, 0x0000000084700000, 0x0000000084800000|  0%| F|  |TAMS 0x0000000084700000, 0x0000000084700000| Untracked 
|  72|0x0000000084800000, 0x0000000084800000, 0x0000000084900000|  0%| F|  |TAMS 0x0000000084800000, 0x0000000084800000| Untracked 
|  73|0x0000000084900000, 0x0000000084900000, 0x0000000084a00000|  0%| F|  |TAMS 0x0000000084900000, 0x0000000084900000| Untracked 
|  74|0x0000000084a00000, 0x0000000084a00000, 0x0000000084b00000|  0%| F|  |TAMS 0x0000000084a00000, 0x0000000084a00000| Untracked 
|  75|0x0000000084b00000, 0x0000000084b00000, 0x0000000084c00000|  0%| F|  |TAMS 0x0000000084b00000, 0x0000000084b00000| Untracked 
|  76|0x0000000084c00000, 0x0000000084c00000, 0x0000000084d00000|  0%| F|  |TAMS 0x0000000084c00000, 0x0000000084c00000| Untracked 
|  77|0x0000000084d00000, 0x0000000084d00000, 0x0000000084e00000|  0%| F|  |TAMS 0x0000000084d00000, 0x0000000084d00000| Untracked 
|  78|0x0000000084e00000, 0x0000000084e00000, 0x0000000084f00000|  0%| F|  |TAMS 0x0000000084e00000, 0x0000000084e00000| Untracked 
|  79|0x0000000084f00000, 0x0000000084f00000, 0x0000000085000000|  0%| F|  |TAMS 0x0000000084f00000, 0x0000000084f00000| Untracked 
|  80|0x0000000085000000, 0x0000000085000000, 0x0000000085100000|  0%| F|  |TAMS 0x0000000085000000, 0x0000000085000000| Untracked 
|  81|0x0000000085100000, 0x0000000085100000, 0x0000000085200000|  0%| F|  |TAMS 0x0000000085100000, 0x0000000085100000| Untracked 
|  82|0x0000000085200000, 0x0000000085200000, 0x0000000085300000|  0%| F|  |TAMS 0x0000000085200000, 0x0000000085200000| Untracked 
|  83|0x0000000085300000, 0x0000000085300000, 0x0000000085400000|  0%| F|  |TAMS 0x0000000085300000, 0x0000000085300000| Untracked 
|  84|0x0000000085400000, 0x0000000085400000, 0x0000000085500000|  0%| F|  |TAMS 0x0000000085400000, 0x0000000085400000| Untracked 
|  85|0x0000000085500000, 0x0000000085500000, 0x0000000085600000|  0%| F|  |TAMS 0x0000000085500000, 0x0000000085500000| Untracked 
|  86|0x0000000085600000, 0x0000000085600000, 0x0000000085700000|  0%| F|  |TAMS 0x0000000085600000, 0x0000000085600000| Untracked 
|  87|0x0000000085700000, 0x0000000085700000, 0x0000000085800000|  0%| F|  |TAMS 0x0000000085700000, 0x0000000085700000| Untracked 
|  88|0x0000000085800000, 0x0000000085800000, 0x0000000085900000|  0%| F|  |TAMS 0x0000000085800000, 0x0000000085800000| Untracked 
|  89|0x0000000085900000, 0x0000000085900000, 0x0000000085a00000|  0%| F|  |TAMS 0x0000000085900000, 0x0000000085900000| Untracked 
|  90|0x0000000085a00000, 0x0000000085a00000, 0x0000000085b00000|  0%| F|  |TAMS 0x0000000085a00000, 0x0000000085a00000| Untracked 
|  91|0x0000000085b00000, 0x0000000085b00000, 0x0000000085c00000|  0%| F|  |TAMS 0x0000000085b00000, 0x0000000085b00000| Untracked 
|  92|0x0000000085c00000, 0x0000000085c00000, 0x0000000085d00000|  0%| F|  |TAMS 0x0000000085c00000, 0x0000000085c00000| Untracked 
|  93|0x0000000085d00000, 0x0000000085d00000, 0x0000000085e00000|  0%| F|  |TAMS 0x0000000085d00000, 0x0000000085d00000| Untracked 
|  94|0x0000000085e00000, 0x0000000085e00000, 0x0000000085f00000|  0%| F|  |TAMS 0x0000000085e00000, 0x0000000085e00000| Untracked 
|  95|0x0000000085f00000, 0x0000000085f00000, 0x0000000086000000|  0%| F|  |TAMS 0x0000000085f00000, 0x0000000085f00000| Untracked 
|  96|0x0000000086000000, 0x0000000086000000, 0x0000000086100000|  0%| F|  |TAMS 0x0000000086000000, 0x0000000086000000| Untracked 
|  97|0x0000000086100000, 0x0000000086100000, 0x0000000086200000|  0%| F|  |TAMS 0x0000000086100000, 0x0000000086100000| Untracked 
|  98|0x0000000086200000, 0x0000000086200000, 0x0000000086300000|  0%| F|  |TAMS 0x0000000086200000, 0x0000000086200000| Untracked 
|  99|0x0000000086300000, 0x0000000086300000, 0x0000000086400000|  0%| F|  |TAMS 0x0000000086300000, 0x0000000086300000| Untracked 
| 100|0x0000000086400000, 0x0000000086400000, 0x0000000086500000|  0%| F|  |TAMS 0x0000000086400000, 0x0000000086400000| Untracked 
| 101|0x0000000086500000, 0x0000000086500000, 0x0000000086600000|  0%| F|  |TAMS 0x0000000086500000, 0x0000000086500000| Untracked 
| 102|0x0000000086600000, 0x0000000086600000, 0x0000000086700000|  0%| F|  |TAMS 0x0000000086600000, 0x0000000086600000| Untracked 
| 103|0x0000000086700000, 0x0000000086700000, 0x0000000086800000|  0%| F|  |TAMS 0x0000000086700000, 0x0000000086700000| Untracked 
| 104|0x0000000086800000, 0x0000000086800000, 0x0000000086900000|  0%| F|  |TAMS 0x0000000086800000, 0x0000000086800000| Untracked 
| 105|0x0000000086900000, 0x0000000086900000, 0x0000000086a00000|  0%| F|  |TAMS 0x0000000086900000, 0x0000000086900000| Untracked 
| 106|0x0000000086a00000, 0x0000000086a00000, 0x0000000086b00000|  0%| F|  |TAMS 0x0000000086a00000, 0x0000000086a00000| Untracked 
| 107|0x0000000086b00000, 0x0000000086b00000, 0x0000000086c00000|  0%| F|  |TAMS 0x0000000086b00000, 0x0000000086b00000| Untracked 
| 108|0x0000000086c00000, 0x0000000086c00000, 0x0000000086d00000|  0%| F|  |TAMS 0x0000000086c00000, 0x0000000086c00000| Untracked 
| 109|0x0000000086d00000, 0x0000000086d00000, 0x0000000086e00000|  0%| F|  |TAMS 0x0000000086d00000, 0x0000000086d00000| Untracked 
| 110|0x0000000086e00000, 0x0000000086e00000, 0x0000000086f00000|  0%| F|  |TAMS 0x0000000086e00000, 0x0000000086e00000| Untracked 
| 111|0x0000000086f00000, 0x0000000086f00000, 0x0000000087000000|  0%| F|  |TAMS 0x0000000086f00000, 0x0000000086f00000| Untracked 
| 112|0x0000000087000000, 0x0000000087000000, 0x0000000087100000|  0%| F|  |TAMS 0x0000000087000000, 0x0000000087000000| Untracked 
| 113|0x0000000087100000, 0x0000000087100000, 0x0000000087200000|  0%| F|  |TAMS 0x0000000087100000, 0x0000000087100000| Untracked 
| 114|0x0000000087200000, 0x0000000087200000, 0x0000000087300000|  0%| F|  |TAMS 0x0000000087200000, 0x0000000087200000| Untracked 
| 115|0x0000000087300000, 0x0000000087300000, 0x0000000087400000|  0%| F|  |TAMS 0x0000000087300000, 0x0000000087300000| Untracked 
| 116|0x0000000087400000, 0x0000000087400000, 0x0000000087500000|  0%| F|  |TAMS 0x0000000087400000, 0x0000000087400000| Untracked 
| 117|0x0000000087500000, 0x0000000087500000, 0x0000000087600000|  0%| F|  |TAMS 0x0000000087500000, 0x0000000087500000| Untracked 
| 118|0x0000000087600000, 0x0000000087600000, 0x0000000087700000|  0%| F|  |TAMS 0x0000000087600000, 0x0000000087600000| Untracked 
| 119|0x0000000087700000, 0x0000000087700000, 0x0000000087800000|  0%| F|  |TAMS 0x0000000087700000, 0x0000000087700000| Untracked 
| 120|0x0000000087800000, 0x0000000087800000, 0x0000000087900000|  0%| F|  |TAMS 0x0000000087800000, 0x0000000087800000| Untracked 
| 121|0x0000000087900000, 0x0000000087900000, 0x0000000087a00000|  0%| F|  |TAMS 0x0000000087900000, 0x0000000087900000| Untracked 
| 122|0x0000000087a00000, 0x0000000087a00000, 0x0000000087b00000|  0%| F|  |TAMS 0x0000000087a00000, 0x0000000087a00000| Untracked 
| 123|0x0000000087b00000, 0x0000000087b00000, 0x0000000087c00000|  0%| F|  |TAMS 0x0000000087b00000, 0x0000000087b00000| Untracked 
| 124|0x0000000087c00000, 0x0000000087c00000, 0x0000000087d00000|  0%| F|  |TAMS 0x0000000087c00000, 0x0000000087c00000| Untracked 
| 125|0x0000000087d00000, 0x0000000087d00000, 0x0000000087e00000|  0%| F|  |TAMS 0x0000000087d00000, 0x0000000087d00000| Untracked 
| 126|0x0000000087e00000, 0x0000000087e00000, 0x0000000087f00000|  0%| F|  |TAMS 0x0000000087e00000, 0x0000000087e00000| Untracked 
| 127|0x0000000087f00000, 0x0000000087f00000, 0x0000000088000000|  0%| F|  |TAMS 0x0000000087f00000, 0x0000000087f00000| Untracked 
| 128|0x0000000088000000, 0x0000000088000000, 0x0000000088100000|  0%| F|  |TAMS 0x0000000088000000, 0x0000000088000000| Untracked 
| 129|0x0000000088100000, 0x0000000088100000, 0x0000000088200000|  0%| F|  |TAMS 0x0000000088100000, 0x0000000088100000| Untracked 
| 130|0x0000000088200000, 0x0000000088200000, 0x0000000088300000|  0%| F|  |TAMS 0x0000000088200000, 0x0000000088200000| Untracked 
| 131|0x0000000088300000, 0x0000000088300000, 0x0000000088400000|  0%| F|  |TAMS 0x0000000088300000, 0x0000000088300000| Untracked 
| 132|0x0000000088400000, 0x0000000088400000, 0x0000000088500000|  0%| F|  |TAMS 0x0000000088400000, 0x0000000088400000| Untracked 
| 133|0x0000000088500000, 0x0000000088500000, 0x0000000088600000|  0%| F|  |TAMS 0x0000000088500000, 0x0000000088500000| Untracked 
| 134|0x0000000088600000, 0x0000000088600000, 0x0000000088700000|  0%| F|  |TAMS 0x0000000088600000, 0x0000000088600000| Untracked 
| 135|0x0000000088700000, 0x0000000088700000, 0x0000000088800000|  0%| F|  |TAMS 0x0000000088700000, 0x0000000088700000| Untracked 
| 136|0x0000000088800000, 0x0000000088800000, 0x0000000088900000|  0%| F|  |TAMS 0x0000000088800000, 0x0000000088800000| Untracked 
| 137|0x0000000088900000, 0x0000000088900000, 0x0000000088a00000|  0%| F|  |TAMS 0x0000000088900000, 0x0000000088900000| Untracked 
| 138|0x0000000088a00000, 0x0000000088a00000, 0x0000000088b00000|  0%| F|  |TAMS 0x0000000088a00000, 0x0000000088a00000| Untracked 
| 139|0x0000000088b00000, 0x0000000088b00000, 0x0000000088c00000|  0%| F|  |TAMS 0x0000000088b00000, 0x0000000088b00000| Untracked 
| 140|0x0000000088c00000, 0x0000000088c00000, 0x0000000088d00000|  0%| F|  |TAMS 0x0000000088c00000, 0x0000000088c00000| Untracked 
| 141|0x0000000088d00000, 0x0000000088d00000, 0x0000000088e00000|  0%| F|  |TAMS 0x0000000088d00000, 0x0000000088d00000| Untracked 
| 142|0x0000000088e00000, 0x0000000088e00000, 0x0000000088f00000|  0%| F|  |TAMS 0x0000000088e00000, 0x0000000088e00000| Untracked 
| 143|0x0000000088f00000, 0x0000000088f00000, 0x0000000089000000|  0%| F|  |TAMS 0x0000000088f00000, 0x0000000088f00000| Untracked 
| 144|0x0000000089000000, 0x0000000089000000, 0x0000000089100000|  0%| F|  |TAMS 0x0000000089000000, 0x0000000089000000| Untracked 
| 145|0x0000000089100000, 0x0000000089100000, 0x0000000089200000|  0%| F|  |TAMS 0x0000000089100000, 0x0000000089100000| Untracked 
| 146|0x0000000089200000, 0x0000000089200000, 0x0000000089300000|  0%| F|  |TAMS 0x0000000089200000, 0x0000000089200000| Untracked 
| 147|0x0000000089300000, 0x0000000089300000, 0x0000000089400000|  0%| F|  |TAMS 0x0000000089300000, 0x0000000089300000| Untracked 
| 148|0x0000000089400000, 0x0000000089400000, 0x0000000089500000|  0%| F|  |TAMS 0x0000000089400000, 0x0000000089400000| Untracked 
| 149|0x0000000089500000, 0x0000000089500000, 0x0000000089600000|  0%| F|  |TAMS 0x0000000089500000, 0x0000000089500000| Untracked 
| 150|0x0000000089600000, 0x0000000089600000, 0x0000000089700000|  0%| F|  |TAMS 0x0000000089600000, 0x0000000089600000| Untracked 
| 151|0x0000000089700000, 0x0000000089700000, 0x0000000089800000|  0%| F|  |TAMS 0x0000000089700000, 0x0000000089700000| Untracked 
| 152|0x0000000089800000, 0x0000000089800000, 0x0000000089900000|  0%| F|  |TAMS 0x0000000089800000, 0x0000000089800000| Untracked 
| 153|0x0000000089900000, 0x0000000089900000, 0x0000000089a00000|  0%| F|  |TAMS 0x0000000089900000, 0x0000000089900000| Untracked 
| 154|0x0000000089a00000, 0x0000000089a00000, 0x0000000089b00000|  0%| F|  |TAMS 0x0000000089a00000, 0x0000000089a00000| Untracked 
| 155|0x0000000089b00000, 0x0000000089b00000, 0x0000000089c00000|  0%| F|  |TAMS 0x0000000089b00000, 0x0000000089b00000| Untracked 
| 156|0x0000000089c00000, 0x0000000089c00000, 0x0000000089d00000|  0%| F|  |TAMS 0x0000000089c00000, 0x0000000089c00000| Untracked 
| 157|0x0000000089d00000, 0x0000000089d00000, 0x0000000089e00000|  0%| F|  |TAMS 0x0000000089d00000, 0x0000000089d00000| Untracked 
| 158|0x0000000089e00000, 0x0000000089e00000, 0x0000000089f00000|  0%| F|  |TAMS 0x0000000089e00000, 0x0000000089e00000| Untracked 
| 159|0x0000000089f00000, 0x0000000089f00000, 0x000000008a000000|  0%| F|  |TAMS 0x0000000089f00000, 0x0000000089f00000| Untracked 
| 160|0x000000008a000000, 0x000000008a000000, 0x000000008a100000|  0%| F|  |TAMS 0x000000008a000000, 0x000000008a000000| Untracked 
| 161|0x000000008a100000, 0x000000008a100000, 0x000000008a200000|  0%| F|  |TAMS 0x000000008a100000, 0x000000008a100000| Untracked 
| 162|0x000000008a200000, 0x000000008a200000, 0x000000008a300000|  0%| F|  |TAMS 0x000000008a200000, 0x000000008a200000| Untracked 
| 163|0x000000008a300000, 0x000000008a300000, 0x000000008a400000|  0%| F|  |TAMS 0x000000008a300000, 0x000000008a300000| Untracked 
| 164|0x000000008a400000, 0x000000008a400000, 0x000000008a500000|  0%| F|  |TAMS 0x000000008a400000, 0x000000008a400000| Untracked 
| 165|0x000000008a500000, 0x000000008a500000, 0x000000008a600000|  0%| F|  |TAMS 0x000000008a500000, 0x000000008a500000| Untracked 
| 166|0x000000008a600000, 0x000000008a600000, 0x000000008a700000|  0%| F|  |TAMS 0x000000008a600000, 0x000000008a600000| Untracked 
| 167|0x000000008a700000, 0x000000008a700000, 0x000000008a800000|  0%| F|  |TAMS 0x000000008a700000, 0x000000008a700000| Untracked 
| 168|0x000000008a800000, 0x000000008a800000, 0x000000008a900000|  0%| F|  |TAMS 0x000000008a800000, 0x000000008a800000| Untracked 
| 169|0x000000008a900000, 0x000000008a900000, 0x000000008aa00000|  0%| F|  |TAMS 0x000000008a900000, 0x000000008a900000| Untracked 
| 170|0x000000008aa00000, 0x000000008aa00000, 0x000000008ab00000|  0%| F|  |TAMS 0x000000008aa00000, 0x000000008aa00000| Untracked 
| 171|0x000000008ab00000, 0x000000008ab00000, 0x000000008ac00000|  0%| F|  |TAMS 0x000000008ab00000, 0x000000008ab00000| Untracked 
| 172|0x000000008ac00000, 0x000000008ac00000, 0x000000008ad00000|  0%| F|  |TAMS 0x000000008ac00000, 0x000000008ac00000| Untracked 
| 173|0x000000008ad00000, 0x000000008ad00000, 0x000000008ae00000|  0%| F|  |TAMS 0x000000008ad00000, 0x000000008ad00000| Untracked 
| 174|0x000000008ae00000, 0x000000008ae00000, 0x000000008af00000|  0%| F|  |TAMS 0x000000008ae00000, 0x000000008ae00000| Untracked 
| 175|0x000000008af00000, 0x000000008af00000, 0x000000008b000000|  0%| F|  |TAMS 0x000000008af00000, 0x000000008af00000| Untracked 
| 176|0x000000008b000000, 0x000000008b000000, 0x000000008b100000|  0%| F|  |TAMS 0x000000008b000000, 0x000000008b000000| Untracked 
| 177|0x000000008b100000, 0x000000008b100000, 0x000000008b200000|  0%| F|  |TAMS 0x000000008b100000, 0x000000008b100000| Untracked 
| 178|0x000000008b200000, 0x000000008b256a90, 0x000000008b300000| 33%| S|CS|TAMS 0x000000008b200000, 0x000000008b200000| Complete 
| 179|0x000000008b300000, 0x000000008b400000, 0x000000008b400000|100%| S|CS|TAMS 0x000000008b300000, 0x000000008b300000| Complete 
| 180|0x000000008b400000, 0x000000008b500000, 0x000000008b500000|100%| S|CS|TAMS 0x000000008b400000, 0x000000008b400000| Complete 
| 181|0x000000008b500000, 0x000000008b600000, 0x000000008b600000|100%| S|CS|TAMS 0x000000008b500000, 0x000000008b500000| Complete 
| 182|0x000000008b600000, 0x000000008b700000, 0x000000008b700000|100%| S|CS|TAMS 0x000000008b600000, 0x000000008b600000| Complete 
| 183|0x000000008b700000, 0x000000008b800000, 0x000000008b800000|100%| S|CS|TAMS 0x000000008b700000, 0x000000008b700000| Complete 
| 184|0x000000008b800000, 0x000000008b800000, 0x000000008b900000|  0%| F|  |TAMS 0x000000008b800000, 0x000000008b800000| Untracked 
| 185|0x000000008b900000, 0x000000008b900000, 0x000000008ba00000|  0%| F|  |TAMS 0x000000008b900000, 0x000000008b900000| Untracked 
| 186|0x000000008ba00000, 0x000000008ba00000, 0x000000008bb00000|  0%| F|  |TAMS 0x000000008ba00000, 0x000000008ba00000| Untracked 
| 187|0x000000008bb00000, 0x000000008bb00000, 0x000000008bc00000|  0%| F|  |TAMS 0x000000008bb00000, 0x000000008bb00000| Untracked 
| 188|0x000000008bc00000, 0x000000008bc00000, 0x000000008bd00000|  0%| F|  |TAMS 0x000000008bc00000, 0x000000008bc00000| Untracked 
| 189|0x000000008bd00000, 0x000000008bd00000, 0x000000008be00000|  0%| F|  |TAMS 0x000000008bd00000, 0x000000008bd00000| Untracked 
| 190|0x000000008be00000, 0x000000008be00000, 0x000000008bf00000|  0%| F|  |TAMS 0x000000008be00000, 0x000000008be00000| Untracked 
| 191|0x000000008bf00000, 0x000000008bf00000, 0x000000008c000000|  0%| F|  |TAMS 0x000000008bf00000, 0x000000008bf00000| Untracked 
| 192|0x000000008c000000, 0x000000008c000000, 0x000000008c100000|  0%| F|  |TAMS 0x000000008c000000, 0x000000008c000000| Untracked 
| 193|0x000000008c100000, 0x000000008c100000, 0x000000008c200000|  0%| F|  |TAMS 0x000000008c100000, 0x000000008c100000| Untracked 
| 194|0x000000008c200000, 0x000000008c200000, 0x000000008c300000|  0%| F|  |TAMS 0x000000008c200000, 0x000000008c200000| Untracked 
| 195|0x000000008c300000, 0x000000008c300000, 0x000000008c400000|  0%| F|  |TAMS 0x000000008c300000, 0x000000008c300000| Untracked 
| 196|0x000000008c400000, 0x000000008c400000, 0x000000008c500000|  0%| F|  |TAMS 0x000000008c400000, 0x000000008c400000| Untracked 
| 197|0x000000008c500000, 0x000000008c500000, 0x000000008c600000|  0%| F|  |TAMS 0x000000008c500000, 0x000000008c500000| Untracked 
| 198|0x000000008c600000, 0x000000008c600000, 0x000000008c700000|  0%| F|  |TAMS 0x000000008c600000, 0x000000008c600000| Untracked 
| 199|0x000000008c700000, 0x000000008c700000, 0x000000008c800000|  0%| F|  |TAMS 0x000000008c700000, 0x000000008c700000| Untracked 
| 200|0x000000008c800000, 0x000000008c800000, 0x000000008c900000|  0%| F|  |TAMS 0x000000008c800000, 0x000000008c800000| Untracked 
| 201|0x000000008c900000, 0x000000008c900000, 0x000000008ca00000|  0%| F|  |TAMS 0x000000008c900000, 0x000000008c900000| Untracked 
| 202|0x000000008ca00000, 0x000000008ca00000, 0x000000008cb00000|  0%| F|  |TAMS 0x000000008ca00000, 0x000000008ca00000| Untracked 
| 203|0x000000008cb00000, 0x000000008cb00000, 0x000000008cc00000|  0%| F|  |TAMS 0x000000008cb00000, 0x000000008cb00000| Untracked 
| 204|0x000000008cc00000, 0x000000008cc00000, 0x000000008cd00000|  0%| F|  |TAMS 0x000000008cc00000, 0x000000008cc00000| Untracked 
| 205|0x000000008cd00000, 0x000000008cd00000, 0x000000008ce00000|  0%| F|  |TAMS 0x000000008cd00000, 0x000000008cd00000| Untracked 
| 206|0x000000008ce00000, 0x000000008ce00000, 0x000000008cf00000|  0%| F|  |TAMS 0x000000008ce00000, 0x000000008ce00000| Untracked 
| 207|0x000000008cf00000, 0x000000008cf00000, 0x000000008d000000|  0%| F|  |TAMS 0x000000008cf00000, 0x000000008cf00000| Untracked 
| 208|0x000000008d000000, 0x000000008d000000, 0x000000008d100000|  0%| F|  |TAMS 0x000000008d000000, 0x000000008d000000| Untracked 
| 209|0x000000008d100000, 0x000000008d100000, 0x000000008d200000|  0%| F|  |TAMS 0x000000008d100000, 0x000000008d100000| Untracked 
| 210|0x000000008d200000, 0x000000008d200000, 0x000000008d300000|  0%| F|  |TAMS 0x000000008d200000, 0x000000008d200000| Untracked 
| 211|0x000000008d300000, 0x000000008d300000, 0x000000008d400000|  0%| F|  |TAMS 0x000000008d300000, 0x000000008d300000| Untracked 
| 212|0x000000008d400000, 0x000000008d400000, 0x000000008d500000|  0%| F|  |TAMS 0x000000008d400000, 0x000000008d400000| Untracked 
| 213|0x000000008d500000, 0x000000008d580800, 0x000000008d600000| 50%| E|  |TAMS 0x000000008d500000, 0x000000008d500000| Complete 
| 214|0x000000008d600000, 0x000000008d700000, 0x000000008d700000|100%| E|CS|TAMS 0x000000008d600000, 0x000000008d600000| Complete 
| 215|0x000000008d700000, 0x000000008d800000, 0x000000008d800000|100%| E|CS|TAMS 0x000000008d700000, 0x000000008d700000| Complete 
| 216|0x000000008d800000, 0x000000008d900000, 0x000000008d900000|100%| E|CS|TAMS 0x000000008d800000, 0x000000008d800000| Complete 
| 217|0x000000008d900000, 0x000000008da00000, 0x000000008da00000|100%| E|CS|TAMS 0x000000008d900000, 0x000000008d900000| Complete 
| 218|0x000000008da00000, 0x000000008db00000, 0x000000008db00000|100%| E|CS|TAMS 0x000000008da00000, 0x000000008da00000| Complete 
| 219|0x000000008db00000, 0x000000008dc00000, 0x000000008dc00000|100%| E|CS|TAMS 0x000000008db00000, 0x000000008db00000| Complete 
| 220|0x000000008dc00000, 0x000000008dd00000, 0x000000008dd00000|100%| E|CS|TAMS 0x000000008dc00000, 0x000000008dc00000| Complete 
| 221|0x000000008dd00000, 0x000000008de00000, 0x000000008de00000|100%| E|CS|TAMS 0x000000008dd00000, 0x000000008dd00000| Complete 
| 222|0x000000008de00000, 0x000000008df00000, 0x000000008df00000|100%| E|CS|TAMS 0x000000008de00000, 0x000000008de00000| Complete 
| 223|0x000000008df00000, 0x000000008e000000, 0x000000008e000000|100%| E|CS|TAMS 0x000000008df00000, 0x000000008df00000| Complete 
| 224|0x000000008e000000, 0x000000008e100000, 0x000000008e100000|100%| E|CS|TAMS 0x000000008e000000, 0x000000008e000000| Complete 
| 225|0x000000008e100000, 0x000000008e200000, 0x000000008e200000|100%| E|CS|TAMS 0x000000008e100000, 0x000000008e100000| Complete 
| 226|0x000000008e200000, 0x000000008e300000, 0x000000008e300000|100%| E|CS|TAMS 0x000000008e200000, 0x000000008e200000| Complete 
| 227|0x000000008e300000, 0x000000008e400000, 0x000000008e400000|100%| E|CS|TAMS 0x000000008e300000, 0x000000008e300000| Complete 
| 228|0x000000008e400000, 0x000000008e500000, 0x000000008e500000|100%| E|CS|TAMS 0x000000008e400000, 0x000000008e400000| Complete 
| 229|0x000000008e500000, 0x000000008e600000, 0x000000008e600000|100%| E|CS|TAMS 0x000000008e500000, 0x000000008e500000| Complete 
| 230|0x000000008e600000, 0x000000008e700000, 0x000000008e700000|100%| E|CS|TAMS 0x000000008e600000, 0x000000008e600000| Complete 
| 231|0x000000008e700000, 0x000000008e800000, 0x000000008e800000|100%| E|CS|TAMS 0x000000008e700000, 0x000000008e700000| Complete 
| 232|0x000000008e800000, 0x000000008e900000, 0x000000008e900000|100%| E|CS|TAMS 0x000000008e800000, 0x000000008e800000| Complete 
| 233|0x000000008e900000, 0x000000008ea00000, 0x000000008ea00000|100%| E|CS|TAMS 0x000000008e900000, 0x000000008e900000| Complete 
| 234|0x000000008ea00000, 0x000000008eb00000, 0x000000008eb00000|100%| E|CS|TAMS 0x000000008ea00000, 0x000000008ea00000| Complete 
| 235|0x000000008eb00000, 0x000000008ec00000, 0x000000008ec00000|100%| E|CS|TAMS 0x000000008eb00000, 0x000000008eb00000| Complete 
| 236|0x000000008ec00000, 0x000000008ed00000, 0x000000008ed00000|100%| E|CS|TAMS 0x000000008ec00000, 0x000000008ec00000| Complete 
| 237|0x000000008ed00000, 0x000000008ee00000, 0x000000008ee00000|100%| E|CS|TAMS 0x000000008ed00000, 0x000000008ed00000| Complete 
| 238|0x000000008ee00000, 0x000000008ef00000, 0x000000008ef00000|100%| E|CS|TAMS 0x000000008ee00000, 0x000000008ee00000| Complete 
| 239|0x000000008ef00000, 0x000000008f000000, 0x000000008f000000|100%| E|CS|TAMS 0x000000008ef00000, 0x000000008ef00000| Complete 
| 240|0x000000008f000000, 0x000000008f100000, 0x000000008f100000|100%| E|CS|TAMS 0x000000008f000000, 0x000000008f000000| Complete 
| 241|0x000000008f100000, 0x000000008f200000, 0x000000008f200000|100%| E|CS|TAMS 0x000000008f100000, 0x000000008f100000| Complete 
| 242|0x000000008f200000, 0x000000008f300000, 0x000000008f300000|100%| E|CS|TAMS 0x000000008f200000, 0x000000008f200000| Complete 
| 243|0x000000008f300000, 0x000000008f400000, 0x000000008f400000|100%| E|CS|TAMS 0x000000008f300000, 0x000000008f300000| Complete 
| 244|0x000000008f400000, 0x000000008f500000, 0x000000008f500000|100%| E|  |TAMS 0x000000008f400000, 0x000000008f400000| Complete 
| 245|0x000000008f500000, 0x000000008f600000, 0x000000008f600000|100%| E|CS|TAMS 0x000000008f500000, 0x000000008f500000| Complete 
| 246|0x000000008f600000, 0x000000008f700000, 0x000000008f700000|100%| E|CS|TAMS 0x000000008f600000, 0x000000008f600000| Complete 
| 247|0x000000008f700000, 0x000000008f800000, 0x000000008f800000|100%| E|CS|TAMS 0x000000008f700000, 0x000000008f700000| Complete 
| 248|0x000000008f800000, 0x000000008f900000, 0x000000008f900000|100%| E|CS|TAMS 0x000000008f800000, 0x000000008f800000| Complete 
| 249|0x000000008f900000, 0x000000008fa00000, 0x000000008fa00000|100%| E|CS|TAMS 0x000000008f900000, 0x000000008f900000| Complete 
| 250|0x000000008fa00000, 0x000000008fb00000, 0x000000008fb00000|100%| E|CS|TAMS 0x000000008fa00000, 0x000000008fa00000| Complete 
| 251|0x000000008fb00000, 0x000000008fc00000, 0x000000008fc00000|100%| E|CS|TAMS 0x000000008fb00000, 0x000000008fb00000| Complete 

Card table byte_map: [0x000001d7c20c0000,0x000001d7c24c0000] _byte_map_base: 0x000001d7c1cc0000

Marking Bits (Prev, Next): (CMBitMap*) 0x000001d7ae950188, (CMBitMap*) 0x000001d7ae9501c0
 Prev Bits: [0x000001d7c28c0000, 0x000001d7c48c0000)
 Next Bits: [0x000001d7c48c0000, 0x000001d7c68c0000)

Polling page: 0x000001d7ae0f0000

Metaspace:

Usage:
  Non-class:     33.08 MB capacity,    32.52 MB ( 98%) used,   483.04 KB (  1%) free+waste,    87.88 KB ( <1%) overhead. 
      Class:      5.05 MB capacity,     4.73 MB ( 94%) used,   285.61 KB (  6%) free+waste,    42.13 KB ( <1%) overhead. 
       Both:     38.13 MB capacity,    37.25 MB ( 98%) used,   768.65 KB (  2%) free+waste,   130.00 KB ( <1%) overhead. 

Virtual space:
  Non-class space:       34.00 MB reserved,      33.08 MB ( 97%) committed 
      Class space:        1.00 GB reserved,       5.13 MB ( <1%) committed 
             Both:        1.03 GB reserved,      38.20 MB (  4%) committed 

Chunk freelists:
   Non-Class:  3.00 KB
       Class:  10.00 KB
        Both:  13.00 KB

MaxMetaspaceSize: 17179869184.00 GB
CompressedClassSpaceSize: 1.00 GB
Initial GC threshold: 20.80 MB
Current GC threshold: 58.88 MB
CDS: off

CodeHeap 'non-profiled nmethods': size=119168Kb used=1892Kb max_used=1892Kb free=117275Kb
 bounds [0x000001d7b9fd0000, 0x000001d7ba240000, 0x000001d7c1430000]
CodeHeap 'profiled nmethods': size=119168Kb used=7686Kb max_used=7686Kb free=111481Kb
 bounds [0x000001d7b2b70000, 0x000001d7b3300000, 0x000001d7b9fd0000]
CodeHeap 'non-nmethods': size=7424Kb used=3268Kb max_used=3318Kb free=4155Kb
 bounds [0x000001d7b2430000, 0x000001d7b2780000, 0x000001d7b2b70000]
 total_blobs=4201 nmethods=3578 adapters=532
 compilation: enabled
              stopped_count=0, restarted_count=0
 full_count=0

Compilation events (20 events):
Event: 3.239 Thread 0x000001d7ca22b000 3529       3       java.util.concurrent.locks.ReentrantLock$Sync::isHeldExclusively (16 bytes)
Event: 3.239 Thread 0x000001d7ca22b000 nmethod 3529 0x000001d7b32cc390 code [0x000001d7b32cc540, 0x000001d7b32cc6d8]
Event: 3.239 Thread 0x000001d7ca231800 3530       4       jdk.internal.util.Preconditions::checkIndex (18 bytes)
Event: 3.240 Thread 0x000001d7ca236000 3531       3       java.util.concurrent.atomic.AtomicReferenceArray::length (6 bytes)
Event: 3.240 Thread 0x000001d7ca236000 nmethod 3531 0x000001d7b32cc790 code [0x000001d7b32cc940, 0x000001d7b32cca58]
Event: 3.240 Thread 0x000001d7ca231800 nmethod 3530 0x000001d7ba1a6f10 code [0x000001d7ba1a70a0, 0x000001d7ba1a7118]
Event: 3.244 Thread 0x000001d7ca333800 3532       1       com.google.common.collect.LinkedHashMultimap::access$300 (5 bytes)
Event: 3.245 Thread 0x000001d7ca3ff800 3533       3       org.gradle.internal.instantiation.generator.AbstractClassGenerator$PropertyMetadata::hasAnnotation (40 bytes)
Event: 3.245 Thread 0x000001d7ca333800 nmethod 3532 0x000001d7ba1a7210 code [0x000001d7ba1a73c0, 0x000001d7ba1a7458]
Event: 3.246 Thread 0x000001d7ca3ff800 nmethod 3533 0x000001d7b32ccb10 code [0x000001d7b32ccde0, 0x000001d7b32cdc58]
Event: 3.246 Thread 0x000001d7ca22b000 3534       3       java.lang.reflect.Constructor::getParameterTypes (11 bytes)
Event: 3.247 Thread 0x000001d7ca22b000 nmethod 3534 0x000001d7b32ce110 code [0x000001d7b32ce2e0, 0x000001d7b32ce588]
Event: 3.252 Thread 0x000001d7ca236000 3535       3       jdk.internal.org.objectweb.asm.ClassWriter::visitEnd (1 bytes)
Event: 3.253 Thread 0x000001d7ca236000 nmethod 3535 0x000001d7b32ce690 code [0x000001d7b32ce840, 0x000001d7b32ce938]
Event: 3.256 Thread 0x000001d7ca333800 3536       3       org.codehaus.groovy.util.FastArray::<init> (16 bytes)
Event: 3.256 Thread 0x000001d7ca236000 3537       3       org.codehaus.groovy.runtime.metaclass.MetaMethodIndex::copyNonPrivateNonNewMetaMethods (171 bytes)
Event: 3.257 Thread 0x000001d7ca3ff800 3538       3       groovy.lang.MetaClassImpl$1MOPIter::decomposeMopName (79 bytes)
Event: 3.257 Thread 0x000001d7ca333800 nmethod 3536 0x000001d7b32cea10 code [0x000001d7b32cebc0, 0x000001d7b32ced78]
Event: 3.257 Thread 0x000001d7ca236000 nmethod 3537 0x000001d7b32cee90 code [0x000001d7b32cf140, 0x000001d7b32d0078]
Event: 3.257 Thread 0x000001d7ca3ff800 nmethod 3538 0x000001d7b32d0490 code [0x000001d7b32d0740, 0x000001d7b32d1848]

GC Heap History (8 events):
Event: 0.440 GC heap before
{Heap before GC invocations=0 (full 0):
 garbage-first heap   total 258048K, used 29696K [0x0000000080000000, 0x0000000100000000)
  region size 1024K, 24 young (24576K), 0 survivors (0K)
 Metaspace       used 9770K, capacity 9960K, committed 10112K, reserved 1058816K
  class space    used 991K, capacity 1069K, committed 1152K, reserved 1048576K
}
Event: 0.443 GC heap after
{Heap after GC invocations=1 (full 0):
 garbage-first heap   total 258048K, used 9218K [0x0000000080000000, 0x0000000100000000)
  region size 1024K, 3 young (3072K), 3 survivors (3072K)
 Metaspace       used 9770K, capacity 9960K, committed 10112K, reserved 1058816K
  class space    used 991K, capacity 1069K, committed 1152K, reserved 1048576K
}
Event: 1.741 GC heap before
{Heap before GC invocations=1 (full 0):
 garbage-first heap   total 258048K, used 114690K [0x0000000080000000, 0x0000000100000000)
  region size 1024K, 107 young (109568K), 3 survivors (3072K)
 Metaspace       used 20834K, capacity 21183K, committed 21296K, reserved 1069056K
  class space    used 2519K, capacity 2682K, committed 2688K, reserved 1048576K
}
Event: 1.748 GC heap after
{Heap after GC invocations=2 (full 0):
 garbage-first heap   total 258048K, used 16978K [0x0000000080000000, 0x0000000100000000)
  region size 1024K, 11 young (11264K), 11 survivors (11264K)
 Metaspace       used 20834K, capacity 21183K, committed 21296K, reserved 1069056K
  class space    used 2519K, capacity 2682K, committed 2688K, reserved 1048576K
}
Event: 2.220 GC heap before
{Heap before GC invocations=3 (full 0):
 garbage-first heap   total 258048K, used 67154K [0x0000000080000000, 0x0000000100000000)
  region size 1024K, 60 young (61440K), 11 survivors (11264K)
 Metaspace       used 25784K, capacity 26364K, committed 26544K, reserved 1073152K
  class space    used 3317K, capacity 3521K, committed 3584K, reserved 1048576K
}
Event: 2.228 GC heap after
{Heap after GC invocations=4 (full 0):
 garbage-first heap   total 258048K, used 18666K [0x0000000080000000, 0x0000000100000000)
  region size 1024K, 3 young (3072K), 3 survivors (3072K)
 Metaspace       used 25784K, capacity 26364K, committed 26544K, reserved 1073152K
  class space    used 3317K, capacity 3521K, committed 3584K, reserved 1048576K
}
Event: 2.866 GC heap before
{Heap before GC invocations=4 (full 0):
 garbage-first heap   total 258048K, used 84202K [0x0000000080000000, 0x0000000100000000)
  region size 1024K, 68 young (69632K), 3 survivors (3072K)
 Metaspace       used 34949K, capacity 35741K, committed 35920K, reserved 1081344K
  class space    used 4465K, capacity 4780K, committed 4864K, reserved 1048576K
}
Event: 2.873 GC heap after
{Heap after GC invocations=5 (full 0):
 garbage-first heap   total 258048K, used 21952K [0x0000000080000000, 0x0000000100000000)
  region size 1024K, 6 young (6144K), 6 survivors (6144K)
 Metaspace       used 34949K, capacity 35741K, committed 35920K, reserved 1081344K
  class space    used 4465K, capacity 4780K, committed 4864K, reserved 1048576K
}

Deoptimization events (20 events):
Event: 3.024 Thread 0x000001d7cc5ea000 Uncommon trap: trap_request=0xffffff7e fr.pc=0x000001d7ba141b60 relative=0x00000000000004e0
Event: 3.024 Thread 0x000001d7cc5ea000 Uncommon trap: reason=predicate action=maybe_recompile pc=0x000001d7ba141b60 method=java.util.stream.ReferencePipeline.forEachWithCancel(Ljava/util/Spliterator;Ljava/util/stream/Sink;)Z @ 8 c2
Event: 3.024 Thread 0x000001d7cc5ea000 DEOPT PACKING pc=0x000001d7ba141b60 sp=0x00000060112f8c20
Event: 3.024 Thread 0x000001d7cc5ea000 DEOPT UNPACKING pc=0x000001d7b247a1af sp=0x00000060112f8bc0 mode 2
Event: 3.068 Thread 0x000001d7cc5ea000 Uncommon trap: trap_request=0xffffffcc fr.pc=0x000001d7ba182578 relative=0x00000000000002b8
Event: 3.068 Thread 0x000001d7cc5ea000 Uncommon trap: reason=intrinsic_or_type_checked_inlining action=make_not_entrant pc=0x000001d7ba182578 method=java.util.Arrays.copyOf([Ljava/lang/Object;ILjava/lang/Class;)[Ljava/lang/Object; @ 35 c2
Event: 3.068 Thread 0x000001d7cc5ea000 DEOPT PACKING pc=0x000001d7ba182578 sp=0x00000060112fa210
Event: 3.068 Thread 0x000001d7cc5ea000 DEOPT UNPACKING pc=0x000001d7b247a1af sp=0x00000060112fa1a0 mode 2
Event: 3.073 Thread 0x000001d7cc5ea000 Uncommon trap: trap_request=0xffffffbe fr.pc=0x000001d7ba170258 relative=0x0000000000003c38
Event: 3.073 Thread 0x000001d7cc5ea000 Uncommon trap: reason=profile_predicate action=maybe_recompile pc=0x000001d7ba170258 method=java.util.AbstractCollection.addAll(Ljava/util/Collection;)Z @ 15 c2
Event: 3.073 Thread 0x000001d7cc5ea000 DEOPT PACKING pc=0x000001d7ba170258 sp=0x00000060112fa460
Event: 3.073 Thread 0x000001d7cc5ea000 DEOPT UNPACKING pc=0x000001d7b247a1af sp=0x00000060112fa478 mode 2
Event: 3.234 Thread 0x000001d7cc5ea000 Uncommon trap: trap_request=0xffffff4d fr.pc=0x000001d7ba064460 relative=0x00000000000022c0
Event: 3.234 Thread 0x000001d7cc5ea000 Uncommon trap: reason=unstable_if action=reinterpret pc=0x000001d7ba064460 method=java.util.zip.ZipFile$Source.initCEN(ILjava/util/zip/ZipCoder;)V @ 621 c2
Event: 3.234 Thread 0x000001d7cc5ea000 DEOPT PACKING pc=0x000001d7ba064460 sp=0x00000060112f4d00
Event: 3.234 Thread 0x000001d7cc5ea000 DEOPT UNPACKING pc=0x000001d7b247a1af sp=0x00000060112f4ce8 mode 2
Event: 3.237 Thread 0x000001d7cc5ea000 Uncommon trap: trap_request=0xffffff4d fr.pc=0x000001d7ba130880 relative=0x0000000000000720
Event: 3.237 Thread 0x000001d7cc5ea000 Uncommon trap: reason=unstable_if action=reinterpret pc=0x000001d7ba130880 method=java.lang.Class.getPackageName()Ljava/lang/String; @ 55 c2
Event: 3.237 Thread 0x000001d7cc5ea000 DEOPT PACKING pc=0x000001d7ba130880 sp=0x00000060112f86e0
Event: 3.237 Thread 0x000001d7cc5ea000 DEOPT UNPACKING pc=0x000001d7b247a1af sp=0x00000060112f86a0 mode 2

Classes redefined (0 events):
No events

Internal exceptions (20 events):
Event: 2.908 Thread 0x000001d7cc5ea000 Exception <a 'java/lang/NoSuchMethodError'{0x000000008f92d4d8}: 'java.lang.Object java.lang.invoke.DirectMethodHandle$Holder.invokeStatic(java.lang.Object, java.lang.Object, java.lang.Object, java.lang.Object, java.lang.Object, java.lang.Object, java.lang.Object, java.lang.Object, java.lang.Object, java.lang.Object, java.lang.Object, int)'> (0x000000008f92d4d8) thrown at [./src/hotspot/share/interpreter/linkResolver.cpp, line 773]
Event: 2.910 Thread 0x000001d7cc5ea000 Exception <a 'java/lang/NoSuchMethodError'{0x000000008f94be78}: 'java.lang.Object java.lang.invoke.DirectMethodHandle$Holder.invokeStatic(java.lang.Object, java.lang.Object, java.lang.Object, java.lang.Object, java.lang.Object, java.lang.Object, java.lang.Object, java.lang.Object, java.lang.Object, java.lang.Object, java.lang.Object, int, int)'> (0x000000008f94be78) thrown at [./src/hotspot/share/interpreter/linkResolver.cpp, line 773]
Event: 2.910 Thread 0x000001d7cc5ea000 Exception <a 'java/lang/NoSuchMethodError'{0x000000008f96b6a8}: 'java.lang.Object java.lang.invoke.DirectMethodHandle$Holder.invokeStatic(java.lang.Object, java.lang.Object, java.lang.Object, java.lang.Object, java.lang.Object, java.lang.Object, java.lang.Object, java.lang.Object, java.lang.Object, java.lang.Object, java.lang.Object, int, int, java.lang.Object)'> (0x000000008f96b6a8) thrown at [./src/hotspot/share/interpreter/linkResolver.cpp, line 773]
Event: 2.912 Thread 0x000001d7cc5ea000 Exception <a 'java/lang/NoSuchMethodError'{0x000000008f98c9f0}: 'java.lang.Object java.lang.invoke.DirectMethodHandle$Holder.invokeStatic(java.lang.Object, java.lang.Object, java.lang.Object, java.lang.Object, java.lang.Object, java.lang.Object, java.lang.Object, java.lang.Object, java.lang.Object, java.lang.Object, java.lang.Object, int, int, java.lang.Object, java.lang.Object)'> (0x000000008f98c9f0) thrown at [./src/hotspot/share/interpreter/linkResolver.cpp, line 773]
Event: 2.913 Thread 0x000001d7cc5ea000 Exception <a 'java/lang/ClassNotFoundException'{0x000000008f9bca78}: groovy/lang/ExpandoMetaClassBeanInfo> (0x000000008f9bca78) thrown at [./src/hotspot/share/classfile/systemDictionary.cpp, line 231]
Event: 2.914 Thread 0x000001d7cc5ea000 Exception <a 'java/lang/ClassNotFoundException'{0x000000008f9dd0a8}: groovy/lang/MetaClassImplBeanInfo> (0x000000008f9dd0a8) thrown at [./src/hotspot/share/classfile/systemDictionary.cpp, line 231]
Event: 2.914 Thread 0x000001d7cc5ea000 Exception <a 'java/lang/ClassNotFoundException'{0x000000008f9e64b0}: java/lang/ObjectBeanInfo> (0x000000008f9e64b0) thrown at [./src/hotspot/share/classfile/systemDictionary.cpp, line 231]
Event: 2.915 Thread 0x000001d7cc5ea000 Exception <a 'java/lang/ClassNotFoundException'{0x000000008f9f1d10}: java/lang/ObjectCustomizer> (0x000000008f9f1d10) thrown at [./src/hotspot/share/classfile/systemDictionary.cpp, line 231]
Event: 2.919 Thread 0x000001d7cc5ea000 Exception <a 'java/lang/ClassNotFoundException'{0x000000008f8195a0}: groovy/lang/MetaClassImplCustomizer> (0x000000008f8195a0) thrown at [./src/hotspot/share/classfile/systemDictionary.cpp, line 231]
Event: 2.922 Thread 0x000001d7cc5ea000 Exception <a 'java/lang/ClassNotFoundException'{0x000000008f859588}: groovy/lang/ExpandoMetaClassCustomizer> (0x000000008f859588) thrown at [./src/hotspot/share/classfile/systemDictionary.cpp, line 231]
Event: 3.070 Thread 0x000001d7cc5ea000 Exception <a 'java/lang/ClassNotFoundException'{0x000000008de0f0b0}: org/gradle/internal/extensibility/DefaultExtraPropertiesExtensionBeanInfo> (0x000000008de0f0b0) thrown at [./src/hotspot/share/classfile/systemDictionary.cpp, line 231]
Event: 3.070 Thread 0x000001d7cc5ea000 Exception <a 'java/lang/ClassNotFoundException'{0x000000008de308c8}: groovy/lang/GroovyObjectSupportBeanInfo> (0x000000008de308c8) thrown at [./src/hotspot/share/classfile/systemDictionary.cpp, line 231]
Event: 3.071 Thread 0x000001d7cc5ea000 Exception <a 'java/lang/ClassNotFoundException'{0x000000008de52128}: groovy/lang/GroovyObjectSupportCustomizer> (0x000000008de52128) thrown at [./src/hotspot/share/classfile/systemDictionary.cpp, line 231]
Event: 3.073 Thread 0x000001d7cc5ea000 Exception <a 'java/lang/ClassNotFoundException'{0x000000008de7a0d8}: org/gradle/internal/extensibility/DefaultExtraPropertiesExtensionCustomizer> (0x000000008de7a0d8) thrown at [./src/hotspot/share/classfile/systemDictionary.cpp, line 231]
Event: 3.194 Thread 0x000001d7cc5ea000 Exception <a 'java/lang/NoSuchMethodError'{0x000000008db3fa58}: 'int java.lang.invoke.DirectMethodHandle$Holder.invokeStatic(java.lang.Object, java.lang.Object, java.lang.Object, java.lang.Object, java.lang.Object)'> (0x000000008db3fa58) thrown at [./src/hotspot/share/interpreter/linkResolver.cpp, line 773]
Event: 3.219 Thread 0x000001d7cc5ea000 Exception <a 'java/lang/NoSuchMethodError'{0x000000008d92f278}: 'java.lang.Object java.lang.invoke.DirectMethodHandle$Holder.invokeStatic(java.lang.Object, java.lang.Object, int, java.lang.Object)'> (0x000000008d92f278) thrown at [./src/hotspot/share/interpreter/linkResolver.cpp, line 773]
Event: 3.220 Thread 0x000001d7cc5ea000 Exception <a 'java/lang/NoSuchMethodError'{0x000000008d9396c0}: 'java.lang.Object java.lang.invoke.Invokers$Holder.linkToTargetMethod(java.lang.Object, int, java.lang.Object, java.lang.Object)'> (0x000000008d9396c0) thrown at [./src/hotspot/share/interpreter/linkResolver.cpp, line 773]
Event: 3.234 Thread 0x000001d7cc5ea000 Implicit null exception at 0x000001d7ba063397 to 0x000001d7ba064441
Event: 3.257 Thread 0x000001d7cc5ea000 Exception <a 'java/lang/ClassNotFoundException'{0x000000008d8dcca8}: groovy/lang/BindingBeanInfo> (0x000000008d8dcca8) thrown at [./src/hotspot/share/classfile/systemDictionary.cpp, line 231]
Event: 3.258 Thread 0x000001d7cc5ea000 Exception <a 'java/lang/ClassNotFoundException'{0x000000008d8fcf58}: groovy/lang/BindingCustomizer> (0x000000008d8fcf58) thrown at [./src/hotspot/share/classfile/systemDictionary.cpp, line 231]

Events (20 events):
Event: 3.254 loading class org/gradle/internal/classpath/Instrumented
Event: 3.254 loading class org/gradle/internal/classpath/Instrumented done
Event: 3.254 loading class org/gradle/internal/classpath/AccessTrackingProperties
Event: 3.254 loading class org/gradle/internal/classpath/AccessTrackingProperties done
Event: 3.255 loading class org/gradle/internal/classpath/Instrumented$1
Event: 3.255 loading class org/gradle/internal/classpath/Instrumented$1 done
Event: 3.255 loading class groovy/runtime/metaclass/groovy/lang/BindingMetaClass
Event: 3.255 loading class groovy/runtime/metaclass/groovy/lang/BindingMetaClass done
Event: 3.257 loading class groovy/lang/BindingBeanInfo
Event: 3.257 loading class groovy/lang/BindingBeanInfo done
Event: 3.257 loading class groovy/lang/BindingBeanInfo
Event: 3.257 loading class groovy/lang/BindingBeanInfo done
Event: 3.257 loading class groovy/lang/BindingBeanInfo
Event: 3.257 loading class groovy/lang/BindingBeanInfo done
Event: 3.257 loading class groovy/lang/BindingCustomizer
Event: 3.257 loading class groovy/lang/BindingCustomizer done
Event: 3.258 loading class groovy/lang/BindingCustomizer
Event: 3.258 loading class groovy/lang/BindingCustomizer done
Event: 3.258 loading class groovy/lang/BindingCustomizer
Event: 3.258 loading class groovy/lang/BindingCustomizer done


Dynamic libraries:
0x00007ff6bce00000 - 0x00007ff6bce0a000 	C:\Program Files\Android\Android Studio\jre\bin\java.exe
0x00007fff296e0000 - 0x00007fff298e9000 	C:\Windows\SYSTEM32\ntdll.dll
0x00007fff28830000 - 0x00007fff288ed000 	C:\Windows\System32\KERNEL32.DLL
0x00007fff26c70000 - 0x00007fff26feb000 	C:\Windows\System32\KERNELBASE.dll
0x00007fff273d0000 - 0x00007fff274e1000 	C:\Windows\System32\ucrtbase.dll
0x00007ffee5df0000 - 0x00007ffee5e09000 	C:\Program Files\Android\Android Studio\jre\bin\jli.dll
0x00007ffece320000 - 0x00007ffece337000 	C:\Program Files\Android\Android Studio\jre\bin\VCRUNTIME140.dll
0x00007fff27840000 - 0x00007fff279ed000 	C:\Windows\System32\USER32.dll
0x00007fff27090000 - 0x00007fff270b6000 	C:\Windows\System32\win32u.dll
0x00007fff10270000 - 0x00007fff10515000 	C:\Windows\WinSxS\amd64_microsoft.windows.common-controls_6595b64144ccf1df_6.0.22000.120_none_9d947278b86cc467\COMCTL32.dll
0x00007fff27810000 - 0x00007fff27839000 	C:\Windows\System32\GDI32.dll
0x00007fff279f0000 - 0x00007fff27a93000 	C:\Windows\System32\msvcrt.dll
0x00007fff27140000 - 0x00007fff27258000 	C:\Windows\System32\gdi32full.dll
0x00007fff26ff0000 - 0x00007fff2708d000 	C:\Windows\System32\msvcp_win.dll
0x00007fff29280000 - 0x00007fff292b1000 	C:\Windows\System32\IMM32.DLL
0x00007ffea1040000 - 0x00007ffea10dd000 	C:\Program Files\Android\Android Studio\jre\bin\msvcp140.dll
0x00007ffe99d70000 - 0x00007ffe9a872000 	C:\Program Files\Android\Android Studio\jre\bin\server\jvm.dll
0x00007fff27650000 - 0x00007fff276fe000 	C:\Windows\System32\ADVAPI32.dll
0x00007fff289f0000 - 0x00007fff28a8e000 	C:\Windows\System32\sechost.dll
0x00007fff292c0000 - 0x00007fff293e0000 	C:\Windows\System32\RPCRT4.dll
0x00007fff289e0000 - 0x00007fff289e8000 	C:\Windows\System32\PSAPI.DLL
0x00007fff1f720000 - 0x00007fff1f729000 	C:\Windows\SYSTEM32\WSOCK32.dll
0x00007fff1da60000 - 0x00007fff1da93000 	C:\Windows\SYSTEM32\WINMM.dll
0x00007fff28c70000 - 0x00007fff28cdf000 	C:\Windows\System32\WS2_32.dll
0x00007fff163a0000 - 0x00007fff163aa000 	C:\Windows\SYSTEM32\VERSION.dll
0x00007fff25c30000 - 0x00007fff25c48000 	C:\Windows\SYSTEM32\kernel.appcore.dll
0x00007fff16820000 - 0x00007fff16831000 	C:\Program Files\Android\Android Studio\jre\bin\verify.dll
0x00007fff24820000 - 0x00007fff24a41000 	C:\Windows\SYSTEM32\DBGHELP.DLL
0x00007fff0ddc0000 - 0x00007fff0ddf1000 	C:\Windows\SYSTEM32\dbgcore.DLL
0x00007fff270c0000 - 0x00007fff2713f000 	C:\Windows\System32\bcryptPrimitives.dll
0x00007fff0df10000 - 0x00007fff0df39000 	C:\Program Files\Android\Android Studio\jre\bin\java.dll
0x00007fff1f620000 - 0x00007fff1f62b000 	C:\Program Files\Android\Android Studio\jre\bin\jimage.dll
0x00007fff0e080000 - 0x00007fff0e098000 	C:\Program Files\Android\Android Studio\jre\bin\zip.dll
0x00007fff27ab0000 - 0x00007fff28268000 	C:\Windows\System32\SHELL32.dll
0x00007fff24ca0000 - 0x00007fff25505000 	C:\Windows\SYSTEM32\windows.storage.dll
0x00007fff284b0000 - 0x00007fff28827000 	C:\Windows\System32\combase.dll
0x00007fff24b30000 - 0x00007fff24c96000 	C:\Windows\SYSTEM32\wintypes.dll
0x00007fff288f0000 - 0x00007fff289da000 	C:\Windows\System32\SHCORE.dll
0x00007fff28aa0000 - 0x00007fff28afd000 	C:\Windows\System32\shlwapi.dll
0x00007fff26ae0000 - 0x00007fff26b01000 	C:\Windows\SYSTEM32\profapi.dll
0x00007fff0dfb0000 - 0x00007fff0dfca000 	C:\Program Files\Android\Android Studio\jre\bin\net.dll
0x00007fff1f300000 - 0x00007fff1f40c000 	C:\Windows\SYSTEM32\WINHTTP.dll
0x00007fff26140000 - 0x00007fff261a7000 	C:\Windows\system32\mswsock.dll
0x00007fff0dda0000 - 0x00007fff0ddb4000 	C:\Program Files\Android\Android Studio\jre\bin\nio.dll
0x00007ffeea0d0000 - 0x00007ffeea0f7000 	C:\Users\Admin\.gradle\native\e1d6ef7f7dcc3fd88c89a11ec53ec762bb8ba0a96d01ffa2cd45eb1d1d8dd5c5\windows-amd64\native-platform.dll
0x00007ffe9b980000 - 0x00007ffe9bac4000 	C:\Users\Admin\.gradle\native\0d407fdbe67a94daf76414ababcb853783967236a71b16ec16e742cd7a986fd3\windows-amd64\native-platform-file-events.dll
0x00007fff1dcb0000 - 0x00007fff1dcba000 	C:\Program Files\Android\Android Studio\jre\bin\management.dll
0x00007fff176f0000 - 0x00007fff176fd000 	C:\Program Files\Android\Android Studio\jre\bin\management_ext.dll
0x00007fff26380000 - 0x00007fff26398000 	C:\Windows\SYSTEM32\CRYPTSP.dll
0x00007fff25b90000 - 0x00007fff25bc5000 	C:\Windows\system32\rsaenh.dll
0x00007fff26230000 - 0x00007fff26259000 	C:\Windows\SYSTEM32\USERENV.dll
0x00007fff26510000 - 0x00007fff26537000 	C:\Windows\SYSTEM32\bcrypt.dll
0x00007fff263a0000 - 0x00007fff263ac000 	C:\Windows\SYSTEM32\CRYPTBASE.dll
0x00007fff25760000 - 0x00007fff2578d000 	C:\Windows\SYSTEM32\IPHLPAPI.DLL
0x00007fff28ce0000 - 0x00007fff28ce9000 	C:\Windows\System32\NSI.dll
0x00007fff1e080000 - 0x00007fff1e099000 	C:\Windows\SYSTEM32\dhcpcsvc6.DLL
0x00007fff1e640000 - 0x00007fff1e65e000 	C:\Windows\SYSTEM32\dhcpcsvc.DLL
0x00007fff257d0000 - 0x00007fff258b8000 	C:\Windows\SYSTEM32\DNSAPI.dll

dbghelp: loaded successfully - version: 4.0.5 - missing functions: none
symbol engine: initialized successfully - sym options: 0x614 - pdb path: .;C:\Program Files\Android\Android Studio\jre\bin;C:\Windows\SYSTEM32;C:\Windows\WinSxS\amd64_microsoft.windows.common-controls_6595b64144ccf1df_6.0.22000.120_none_9d947278b86cc467;C:\Program Files\Android\Android Studio\jre\bin\server;C:\Users\Admin\.gradle\native\e1d6ef7f7dcc3fd88c89a11ec53ec762bb8ba0a96d01ffa2cd45eb1d1d8dd5c5\windows-amd64;C:\Users\Admin\.gradle\native\0d407fdbe67a94daf76414ababcb853783967236a71b16ec16e742cd7a986fd3\windows-amd64

VM Arguments:
jvm_args: --add-opens=java.base/java.util=ALL-UNNAMED --add-opens=java.base/java.lang=ALL-UNNAMED --add-opens=java.base/java.lang.invoke=ALL-UNNAMED --add-opens=java.base/java.util=ALL-UNNAMED --add-opens=java.prefs/java.util.prefs=ALL-UNNAMED --add-opens=java.prefs/java.util.prefs=ALL-UNNAMED --add-opens=java.base/java.nio.charset=ALL-UNNAMED --add-opens=java.base/java.net=ALL-UNNAMED --add-opens=java.base/java.util.concurrent.atomic=ALL-UNNAMED -Xmx2048m -Dfile.encoding=UTF-8 -Duser.country=US -Duser.language=en -Duser.variant 
java_command: org.gradle.launcher.daemon.bootstrap.GradleDaemon 7.4
java_class_path (initial): C:\Users\Admin\.gradle\wrapper\dists\gradle-7.4-bin\c0gwcg53nkjbqw7r0h0umtfvt\gradle-7.4\lib\gradle-launcher-7.4.jar
Launcher Type: SUN_STANDARD

[Global flags]
     intx CICompilerCount                          = 12                                        {product} {ergonomic}
     uint ConcGCThreads                            = 3                                         {product} {ergonomic}
     uint G1ConcRefinementThreads                  = 13                                        {product} {ergonomic}
   size_t G1HeapRegionSize                         = 1048576                                   {product} {ergonomic}
    uintx GCDrainStackTargetSize                   = 64                                        {product} {ergonomic}
   size_t InitialHeapSize                          = 264241152                                 {product} {ergonomic}
   size_t MarkStackSize                            = 4194304                                   {product} {ergonomic}
   size_t MaxHeapSize                              = 2147483648                                {product} {command line}
   size_t MaxNewSize                               = 1287651328                                {product} {ergonomic}
   size_t MinHeapDeltaBytes                        = 1048576                                   {product} {ergonomic}
    uintx NonNMethodCodeHeapSize                   = 7594288                                {pd product} {ergonomic}
    uintx NonProfiledCodeHeapSize                  = 122031976                              {pd product} {ergonomic}
    uintx ProfiledCodeHeapSize                     = 122031976                              {pd product} {ergonomic}
    uintx ReservedCodeCacheSize                    = 251658240                              {pd product} {ergonomic}
     bool SegmentedCodeCache                       = true                                      {product} {ergonomic}
     bool UseCompressedClassPointers               = true                                 {lp64_product} {ergonomic}
     bool UseCompressedOops                        = true                                 {lp64_product} {ergonomic}
     bool UseG1GC                                  = true                                      {product} {ergonomic}
     bool UseLargePagesIndividualAllocation        = false                                  {pd product} {ergonomic}

Logging:
Log output configuration:
 #0: stdout all=warning uptime,level,tags
 #1: stderr all=off uptime,level,tags

Environment Variables:
PATH=C:\Python311\Scripts\;C:\Python311\;C:\Windows\system32;C:\Windows;C:\Windows\System32\Wbem;C:\Windows\System32\WindowsPowerShell\v1.0\;C:\Windows\System32\OpenSSH\;C:\Program Files\Microsoft VS Code\bin;C:\Program Files\Git\cmd;C:\Program Files\nodejs\;C:\ProgramData\chocolatey\bin;C:\Users\Admin\AppData\Local\Microsoft\WindowsApps;C:\Users\Admin\AppData\Local\GitHubDesktop\bin;C:\Program Files\JetBrains\IntelliJ IDEA Community Edition\bin;;C:\Users\Admin\AppData\Roaming\npm
USERNAME=Admin
OS=Windows_NT
PROCESSOR_IDENTIFIER=Intel64 Family 6 Model 154 Stepping 3, GenuineIntel



---------------  S Y S T E M  ---------------

OS: Windows 11 , 64 bit Build 22000 (10.0.22000.708)
OS uptime: 1 days 15:02 hours

CPU:total 16 (initial active 16) (8 cores per cpu, 2 threads per core) family 6 model 154 stepping 3 microcode 0x41b, cmov, cx8, fxsr, mmx, sse, sse2, sse3, ssse3, sse4.1, sse4.2, popcnt, avx, avx2, aes, clmul, erms, 3dnowpref, lzcnt, ht, tsc, tscinvbit, bmi1, bmi2, adx, sha, fma

Memory: 4k page, system-wide physical 16078M (2212M free)
TotalPageFile size 16078M (AvailPageFile size 4M)
current process WorkingSet (physical memory assigned to process): 300M, peak: 303M
current process commit charge ("private bytes"): 468M, peak: 470M

vm_info: OpenJDK 64-Bit Server VM (11.0.13+0-b1751.21-8125866) for windows-amd64 JRE (11.0.13+0-b1751.21-8125866), built on Feb  2 2022 03:00:22 by "builder" with MS VC++ 14.0 (VS2015)

END.
